C:\USERS\MUTI\DROPBOX\MISC C++\DARK\WIN32PROJECT1\WIN32PROJECT1\X64\RELEASE\WIN32PROJECT1.PCH
C:\USERS\MUTI\DROPBOX\MISC C++\DARK\WIN32PROJECT1\WIN32PROJECT1\X64\RELEASE\STDAFX.OBJ
C:\USERS\MUTI\DROPBOX\MISC C++\DARK\WIN32PROJECT1\WIN32PROJECT1\X64\RELEASE\VC110.PDB
C:\USERS\MUTI\DROPBOX\MISC C++\DARK\WIN32PROJECT1\WIN32PROJECT1\X64\RELEASE\DLLMAIN.OBJ
C:\USERS\MUTI\DROPBOX\MISC C++\DARK\WIN32PROJECT1\WIN32PROJECT1\X64\RELEASE\WIN32PROJECT1.OBJ
C:\USERS\MUTI\DROPBOX\MISC C++\DARK\WIN32PROJECT1\X64\RELEASE\WIN32PROJECT1.DLL
C:\USERS\MUTI\DROPBOX\MISC C++\DARK\WIN32PROJECT1\X64\RELEASE\WIN32PROJECT1.PDB
C:\Users\Muti\Dropbox\Misc C++\Dark\Win32Project1\x64\Release\Win32Project1.lib
C:\Users\Muti\Dropbox\Misc C++\Dark\Win32Project1\x64\Release\Win32Project1.exp
C:\Users\Muti\Dropbox\Misc C++\Dark\Win32Project1\Win32Project1\x64\Release\dllmain.obj
C:\Users\Muti\Dropbox\Misc C++\Dark\Win32Project1\Win32Project1\x64\Release\stdafx.obj
C:\Users\Muti\Dropbox\Misc C++\Dark\Win32Project1\Win32Project1\x64\Release\Win32Project1.obj
C:\Users\Muti\Dropbox\Misc C++\Dark\Win32Project1\Win32Project1\x64\Release\cl.command.1.tlog
C:\Users\Muti\Dropbox\Misc C++\Dark\Win32Project1\Win32Project1\x64\Release\CL.read.1.tlog
C:\Users\Muti\Dropbox\Misc C++\Dark\Win32Project1\Win32Project1\x64\Release\CL.write.1.tlog
C:\Users\Muti\Dropbox\Misc C++\Dark\Win32Project1\Win32Project1\x64\Release\link-cvtres.read.1.tlog
C:\Users\Muti\Dropbox\Misc C++\Dark\Win32Project1\Win32Project1\x64\Release\link-cvtres.write.1.tlog
C:\Users\Muti\Dropbox\Misc C++\Dark\Win32Project1\Win32Project1\x64\Release\link-rc.read.1.tlog
C:\Users\Muti\Dropbox\Misc C++\Dark\Win32Project1\Win32Project1\x64\Release\link-rc.write.1.tlog
C:\Users\Muti\Dropbox\Misc C++\Dark\Win32Project1\Win32Project1\x64\Release\link.command.1.tlog
C:\Users\Muti\Dropbox\Misc C++\Dark\Win32Project1\Win32Project1\x64\Release\link.read.1.tlog
C:\Users\Muti\Dropbox\Misc C++\Dark\Win32Project1\Win32Project1\x64\Release\link.write.1.tlog
C:\Users\Muti\Dropbox\Misc C++\Dark\Win32Project1\Win32Project1\x64\Release\Win32Project1.write.1.tlog
C:\Users\Muti\Dropbox\Misc C++\Dark\Win32Project1\Win32Project1\x64\Release\Win32Project1.pch
C:\Users\Muti\Dropbox\Misc C++\Dark\Win32Project1\Win32Project1\x64\Release\vc110.pdb
C:\Users\Muti\Dropbox\Misc C++\Dark\Win32Project1\x64\Release\Win32Project1.pdb
C:\Users\Muti\Dropbox\Misc C++\Dark\Win32Project1\x64\Release\Win32Project1.dll
